This is pdfTeX, Version 3.14159265-2.6-1.40.20 (TeX Live 2019) (preloaded format=pdflatex 2019.7.16)  13 JAN 2020 14:48
entering extended mode
 restricted \write18 enabled.
 %&-line parsing enabled.
**theorem.tex
(./theorem.tex
LaTeX2e <2018-12-01>
(/usr/local/texlive/2019/texmf-dist/tex/latex/base/article.cls
Document Class: article 2018/09/03 v1.4i Standard LaTeX document class
(/usr/local/texlive/2019/texmf-dist/tex/latex/base/size11.clo
File: size11.clo 2018/09/03 v1.4i Standard LaTeX file (size option)
)
\c@part=\count80
\c@section=\count81
\c@subsection=\count82
\c@subsubsection=\count83
\c@paragraph=\count84
\c@subparagraph=\count85
\c@figure=\count86
\c@table=\count87
\abovecaptionskip=\skip41
\belowcaptionskip=\skip42
\bibindent=\dimen102
)
(/usr/local/texlive/2019/texmf-dist/tex/latex/geometry/geometry.sty
Package: geometry 2018/04/16 v5.8 Page Geometry

(/usr/local/texlive/2019/texmf-dist/tex/latex/graphics/keyval.sty
Package: keyval 2014/10/28 v1.15 key=value parser (DPC)
\KV@toks@=\toks14
)
(/usr/local/texlive/2019/texmf-dist/tex/generic/oberdiek/ifpdf.sty
Package: ifpdf 2018/09/07 v3.3 Provides the ifpdf switch
)
(/usr/local/texlive/2019/texmf-dist/tex/generic/oberdiek/ifvtex.sty
Package: ifvtex 2016/05/16 v1.6 Detect VTeX and its facilities (HO)
Package ifvtex Info: VTeX not detected.
)
(/usr/local/texlive/2019/texmf-dist/tex/generic/ifxetex/ifxetex.sty
Package: ifxetex 2010/09/12 v0.6 Provides ifxetex conditional
)
\Gm@cnth=\count88
\Gm@cntv=\count89
\c@Gm@tempcnt=\count90
\Gm@bindingoffset=\dimen103
\Gm@wd@mp=\dimen104
\Gm@odd@mp=\dimen105
\Gm@even@mp=\dimen106
\Gm@layoutwidth=\dimen107
\Gm@layoutheight=\dimen108
\Gm@layouthoffset=\dimen109
\Gm@layoutvoffset=\dimen110
\Gm@dimlist=\toks15
)
(/usr/local/texlive/2019/texmf-dist/tex/latex/parskip/parskip.sty
Package: parskip 2019-01-16 v2.0c non-zero parskip adjustments

(/usr/local/texlive/2019/texmf-dist/tex/latex/oberdiek/kvoptions.sty
Package: kvoptions 2016/05/16 v3.12 Key value format for package options (HO)

(/usr/local/texlive/2019/texmf-dist/tex/generic/oberdiek/ltxcmds.sty
Package: ltxcmds 2016/05/16 v1.23 LaTeX kernel commands for general use (HO)
)
(/usr/local/texlive/2019/texmf-dist/tex/generic/oberdiek/kvsetkeys.sty
Package: kvsetkeys 2016/05/16 v1.17 Key value parser (HO)

(/usr/local/texlive/2019/texmf-dist/tex/generic/oberdiek/infwarerr.sty
Package: infwarerr 2016/05/16 v1.4 Providing info/warning/error messages (HO)
)
(/usr/local/texlive/2019/texmf-dist/tex/generic/oberdiek/etexcmds.sty
Package: etexcmds 2016/05/16 v1.6 Avoid name clashes with e-TeX commands (HO)

(/usr/local/texlive/2019/texmf-dist/tex/generic/oberdiek/ifluatex.sty
Package: ifluatex 2016/05/16 v1.4 Provides the ifluatex switch (HO)
Package ifluatex Info: LuaTeX not detected.
))))
(/usr/local/texlive/2019/texmf-dist/tex/latex/etoolbox/etoolbox.sty
Package: etoolbox 2018/08/19 v2.5f e-TeX tools for LaTeX (JAW)
\etb@tempcnta=\count91
))
(/usr/local/texlive/2019/texmf-dist/tex/latex/graphics/graphicx.sty
Package: graphicx 2017/06/01 v1.1a Enhanced LaTeX Graphics (DPC,SPQR)

(/usr/local/texlive/2019/texmf-dist/tex/latex/graphics/graphics.sty
Package: graphics 2017/06/25 v1.2c Standard LaTeX Graphics (DPC,SPQR)

(/usr/local/texlive/2019/texmf-dist/tex/latex/graphics/trig.sty
Package: trig 2016/01/03 v1.10 sin cos tan (DPC)
)
(/usr/local/texlive/2019/texmf-dist/tex/latex/graphics-cfg/graphics.cfg
File: graphics.cfg 2016/06/04 v1.11 sample graphics configuration
)
Package graphics Info: Driver file: pdftex.def on input line 99.

(/usr/local/texlive/2019/texmf-dist/tex/latex/graphics-def/pdftex.def
File: pdftex.def 2018/01/08 v1.0l Graphics/color driver for pdftex
))
\Gin@req@height=\dimen111
\Gin@req@width=\dimen112
)
(/usr/local/texlive/2019/texmf-dist/tex/latex/tools/xr.sty
Package: xr 2019/01/05 v5.04 eXternal References (DPC)
)
(/usr/local/texlive/2019/texmf-dist/tex/latex/amsfonts/amssymb.sty
Package: amssymb 2013/01/14 v3.01 AMS font symbols

(/usr/local/texlive/2019/texmf-dist/tex/latex/amsfonts/amsfonts.sty
Package: amsfonts 2013/01/14 v3.01 Basic AMSFonts support
\@emptytoks=\toks16
\symAMSa=\mathgroup4
\symAMSb=\mathgroup5
LaTeX Font Info:    Overwriting math alphabet `\mathfrak' in version `bold'
(Font)                  U/euf/m/n --> U/euf/b/n on input line 106.
))
(/usr/local/texlive/2019/texmf-dist/tex/latex/amsmath/amsmath.sty
Package: amsmath 2018/12/01 v2.17b AMS math features
\@mathmargin=\skip43

For additional information on amsmath, use the `?' option.
(/usr/local/texlive/2019/texmf-dist/tex/latex/amsmath/amstext.sty
Package: amstext 2000/06/29 v2.01 AMS text

(/usr/local/texlive/2019/texmf-dist/tex/latex/amsmath/amsgen.sty
File: amsgen.sty 1999/11/30 v2.0 generic functions
\@emptytoks=\toks17
\ex@=\dimen113
))
(/usr/local/texlive/2019/texmf-dist/tex/latex/amsmath/amsbsy.sty
Package: amsbsy 1999/11/29 v1.2d Bold Symbols
\pmbraise@=\dimen114
)
(/usr/local/texlive/2019/texmf-dist/tex/latex/amsmath/amsopn.sty
Package: amsopn 2016/03/08 v2.02 operator names
)
\inf@bad=\count92
LaTeX Info: Redefining \frac on input line 223.
\uproot@=\count93
\leftroot@=\count94
LaTeX Info: Redefining \overline on input line 385.
\classnum@=\count95
\DOTSCASE@=\count96
LaTeX Info: Redefining \ldots on input line 482.
LaTeX Info: Redefining \dots on input line 485.
LaTeX Info: Redefining \cdots on input line 606.
\Mathstrutbox@=\box27
\strutbox@=\box28
\big@size=\dimen115
LaTeX Font Info:    Redeclaring font encoding OML on input line 729.
LaTeX Font Info:    Redeclaring font encoding OMS on input line 730.
\macc@depth=\count97
\c@MaxMatrixCols=\count98
\dotsspace@=\muskip10
\c@parentequation=\count99
\dspbrk@lvl=\count100
\tag@help=\toks18
\row@=\count101
\column@=\count102
\maxfields@=\count103
\andhelp@=\toks19
\eqnshift@=\dimen116
\alignsep@=\dimen117
\tagshift@=\dimen118
\tagwidth@=\dimen119
\totwidth@=\dimen120
\lineht@=\dimen121
\@envbody=\toks20
\multlinegap=\skip44
\multlinetaggap=\skip45
\mathdisplay@stack=\toks21
LaTeX Info: Redefining \[ on input line 2844.
LaTeX Info: Redefining \] on input line 2845.
)
(/usr/local/texlive/2019/texmf-dist/tex/latex/tools/bm.sty
Package: bm 2017/01/16 v1.2c Bold Symbol Support (DPC/FMi)
\symboldoperators=\mathgroup6
\symboldletters=\mathgroup7
\symboldsymbols=\mathgroup8
LaTeX Font Info:    Redeclaring math alphabet \mathbf on input line 141.
LaTeX Info: Redefining \bm on input line 207.
)
(/usr/local/texlive/2019/texmf-dist/tex/latex/xcolor/xcolor.sty
Package: xcolor 2016/05/11 v2.12 LaTeX color extensions (UK)

(/usr/local/texlive/2019/texmf-dist/tex/latex/graphics-cfg/color.cfg
File: color.cfg 2016/01/02 v1.6 sample color configuration
)
Package xcolor Info: Driver file: pdftex.def on input line 225.
Package xcolor Info: Model `cmy' substituted by `cmy0' on input line 1348.
Package xcolor Info: Model `hsb' substituted by `rgb' on input line 1352.
Package xcolor Info: Model `RGB' extended on input line 1364.
Package xcolor Info: Model `HTML' substituted by `rgb' on input line 1366.
Package xcolor Info: Model `Hsb' substituted by `hsb' on input line 1367.
Package xcolor Info: Model `tHsb' substituted by `hsb' on input line 1368.
Package xcolor Info: Model `HSB' substituted by `hsb' on input line 1369.
Package xcolor Info: Model `Gray' substituted by `gray' on input line 1370.
Package xcolor Info: Model `wave' substituted by `hsb' on input line 1371.
)
(/usr/local/texlive/2019/texmf-dist/tex/latex/bbm-macros/bbm.sty
Package: bbm 1999/03/15 V 1.2 provides fonts for set symbols - TH
LaTeX Font Info:    Overwriting math alphabet `\mathbbm' in version `bold'
(Font)                  U/bbm/m/n --> U/bbm/bx/n on input line 33.
LaTeX Font Info:    Overwriting math alphabet `\mathbbmss' in version `bold'
(Font)                  U/bbmss/m/n --> U/bbmss/bx/n on input line 35.
)
(/usr/local/texlive/2019/texmf-dist/tex/latex/bbold/bbold.sty
Package: bbold 1994/04/06 Bbold symbol package
LaTeX Font Info:    Redeclaring math alphabet \mathbb on input line 42.
)
(/usr/local/texlive/2019/texmf-dist/tex/latex/base/fontenc.sty
Package: fontenc 2018/08/11 v2.0j Standard LaTeX package

(/usr/local/texlive/2019/texmf-dist/tex/latex/base/t1enc.def
File: t1enc.def 2018/08/11 v2.0j Standard LaTeX file
LaTeX Font Info:    Redeclaring font encoding T1 on input line 48.
))
(/usr/local/texlive/2019/texmf-dist/tex/latex/subfigure/subfigure.sty
Package: subfigure 2002/03/15 v2.1.5 subfigure package
\subfigtopskip=\skip46
\subfigcapskip=\skip47
\subfigcaptopadj=\dimen122
\subfigbottomskip=\skip48
\subfigcapmargin=\dimen123
\subfiglabelskip=\skip49
\c@subfigure=\count104
\c@lofdepth=\count105
\c@subtable=\count106
\c@lotdepth=\count107

****************************************
* Local config file subfigure.cfg used *
****************************************
(/usr/local/texlive/2019/texmf-dist/tex/latex/subfigure/subfigure.cfg)
\subfig@top=\skip50
\subfig@bottom=\skip51
)
(/usr/local/texlive/2019/texmf-dist/tex/generic/babel/babel.sty
Package: babel 2019/05/04 3.31 The Babel package

(/usr/local/texlive/2019/texmf-dist/tex/generic/babel/switch.def
File: switch.def 2019/05/04 3.31 Babel switching mechanism
)
(/usr/local/texlive/2019/texmf-dist/tex/generic/babel-english/english.ldf
Language: english 2017/06/06 v3.3r English support from the babel system

(/usr/local/texlive/2019/texmf-dist/tex/generic/babel/babel.def
File: babel.def 2019/05/04 3.31 Babel common definitions
\babel@savecnt=\count108
\U@D=\dimen124

(/usr/local/texlive/2019/texmf-dist/tex/generic/babel/txtbabel.def)
\bbl@dirlevel=\count109
)
\l@canadian = a dialect from \language\l@american 
\l@australian = a dialect from \language\l@british 
\l@newzealand = a dialect from \language\l@british 
))
\c@theorem=\count110
\c@corollary=\count111
\c@mydef=\count112

(./theorem.aux)
\openout1 = `theorem.aux'.

LaTeX Font Info:    Checking defaults for OML/cmm/m/it on input line 33.
LaTeX Font Info:    ... okay on input line 33.
LaTeX Font Info:    Checking defaults for T1/cmr/m/n on input line 33.
LaTeX Font Info:    ... okay on input line 33.
LaTeX Font Info:    Checking defaults for OT1/cmr/m/n on input line 33.
LaTeX Font Info:    ... okay on input line 33.
LaTeX Font Info:    Checking defaults for OMS/cmsy/m/n on input line 33.
LaTeX Font Info:    ... okay on input line 33.
LaTeX Font Info:    Checking defaults for OMX/cmex/m/n on input line 33.
LaTeX Font Info:    ... okay on input line 33.
LaTeX Font Info:    Checking defaults for U/cmr/m/n on input line 33.
LaTeX Font Info:    ... okay on input line 33.

*geometry* driver: auto-detecting
*geometry* detected driver: pdftex
*geometry* verbose mode - [ preamble ] result:
* driver: pdftex
* paper: letterpaper
* layout: <same size as paper>
* layoutoffset:(h,v)=(0.0pt,0.0pt)
* modes: 
* h-part:(L,W,R)=(92.14519pt, 430.00462pt, 92.14519pt)
* v-part:(T,H,B)=(95.39737pt, 556.47656pt, 143.09605pt)
* \paperwidth=614.295pt
* \paperheight=794.96999pt
* \textwidth=430.00462pt
* \textheight=556.47656pt
* \oddsidemargin=19.8752pt
* \evensidemargin=19.8752pt
* \topmargin=-13.87262pt
* \headheight=12.0pt
* \headsep=25.0pt
* \topskip=11.0pt
* \footskip=30.0pt
* \marginparwidth=59.0pt
* \marginparsep=10.0pt
* \columnsep=10.0pt
* \skip\footins=10.0pt plus 4.0pt minus 2.0pt
* \hoffset=0.0pt
* \voffset=0.0pt
* \mag=1000
* \@twocolumnfalse
* \@twosidefalse
* \@mparswitchfalse
* \@reversemarginfalse
* (1in=72.27pt=25.4mm, 1cm=28.453pt)

(/usr/local/texlive/2019/texmf-dist/tex/context/base/mkii/supp-pdf.mkii
[Loading MPS to PDF converter (version 2006.09.02).]
\scratchcounter=\count113
\scratchdimen=\dimen125
\scratchbox=\box29
\nofMPsegments=\count114
\nofMParguments=\count115
\everyMPshowfont=\toks22
\MPscratchCnt=\count116
\MPscratchDim=\dimen126
\MPnumerator=\count117
\makeMPintoPDFobject=\count118
\everyMPtoPDFconversion=\toks23
) (/usr/local/texlive/2019/texmf-dist/tex/latex/oberdiek/epstopdf-base.sty
Package: epstopdf-base 2016/05/15 v2.6 Base part for package epstopdf

(/usr/local/texlive/2019/texmf-dist/tex/latex/oberdiek/grfext.sty
Package: grfext 2016/05/16 v1.2 Manage graphics extensions (HO)

(/usr/local/texlive/2019/texmf-dist/tex/generic/oberdiek/kvdefinekeys.sty
Package: kvdefinekeys 2016/05/16 v1.4 Define keys (HO)
))
(/usr/local/texlive/2019/texmf-dist/tex/generic/oberdiek/pdftexcmds.sty
Package: pdftexcmds 2018/09/10 v0.29 Utility functions of pdfTeX for LuaTeX (HO
)
Package pdftexcmds Info: LuaTeX not detected.
Package pdftexcmds Info: \pdf@primitive is available.
Package pdftexcmds Info: \pdf@ifprimitive is available.
Package pdftexcmds Info: \pdfdraftmode found.
)
Package epstopdf-base Info: Redefining graphics rule for `.eps' on input line 4
38.
Package grfext Info: Graphics extension search list:
(grfext)             [.pdf,.png,.jpg,.mps,.jpeg,.jbig2,.jb2,.PDF,.PNG,.JPG,.JPE
G,.JBIG2,.JB2,.eps]
(grfext)             \AppendGraphicsExtensions on input line 456.

(/usr/local/texlive/2019/texmf-dist/tex/latex/latexconfig/epstopdf-sys.cfg
File: epstopdf-sys.cfg 2010/07/13 v1.3 Configuration of (r)epstopdf for TeX Liv
e
))
LaTeX Font Info:    Try loading font information for U+msa on input line 34.

(/usr/local/texlive/2019/texmf-dist/tex/latex/amsfonts/umsa.fd
File: umsa.fd 2013/01/14 v3.01 AMS symbols A
)
LaTeX Font Info:    Try loading font information for U+msb on input line 34.

(/usr/local/texlive/2019/texmf-dist/tex/latex/amsfonts/umsb.fd
File: umsb.fd 2013/01/14 v3.01 AMS symbols B
)
LaTeX Font Info:    Try loading font information for OMS+cmr on input line 39.

(/usr/local/texlive/2019/texmf-dist/tex/latex/base/omscmr.fd
File: omscmr.fd 2014/09/29 v2.5h Standard LaTeX font definitions
)
LaTeX Font Info:    Font shape `OMS/cmr/m/n' in size <10.95> not available
(Font)              Font shape `OMS/cmsy/m/n' tried instead on input line 39.

Overfull \hbox (19.48842pt too wide) in paragraph at lines 53--55
[]$\OML/cmm/b/it/10.95 R[] \OMS/cmsy/m/n/10.95 2 P[]$\T1/cmr/m/n/10.95 = {$\OML
/cmm/m/it/10.95 R[]; :::; R[]$\T1/cmr/m/n/10.95 } $\OMS/cmsy/m/n/10.95 ^^X$ \T1
/cmr/m/n/10.95 Mallows($\OML/cmm/b/it/10.95 ^^Z[]\OML/cmm/m/it/10.95 ; []$\T1/
cmr/m/n/10.95 ), de-fined as $\OML/cmm/m/it/10.95 P\OT1/cmr/m/n/10.95 (\OML/cmm
/b/it/10.95 R[]\OMS/cmsy/m/n/10.95 j\OML/cmm/m/it/10.95 []; \OML/cmm/b/it/10.9
5 ^^Z[]\OT1/cmr/m/n/10.95 ) = []$\T1/cmr/m/n/10.95 ,
 []


Overfull \hbox (24.24065pt too wide) in paragraph at lines 53--55
\T1/cmr/m/n/10.95 where the $\OML/cmm/b/it/10.95 d\OT1/cmr/m/n/10.95 (\OML/cmm/
b/it/10.95 R[]\OML/cmm/m/it/10.95 ; \OML/cmm/b/it/10.95 ^^Z[]\OT1/cmr/m/n/10.95
 )$ \T1/cmr/m/n/10.95 is a dis-tance be-tween $\OML/cmm/b/it/10.95 R[]$ \T1/cmr
/m/n/10.95 and $\OML/cmm/b/it/10.95 ^^Z[]$\T1/cmr/m/n/10.95 , de-fined as $\OML
/cmm/b/it/10.95 d\OT1/cmr/m/n/10.95 (\OML/cmm/b/it/10.95 R[]\OML/cmm/m/it/10.95
 ; \OML/cmm/b/it/10.95 ^^Z[]\OT1/cmr/m/n/10.95 ) = [] \OML/cmm/m/it/10.95 d\OT1
/cmr/m/n/10.95 (\OML/cmm/m/it/10.95 R[]; ^^Z[]\OT1/cmr/m/n/10.95 ) =
 []


LaTeX Warning: Command \textbackslash invalid in math mode on input line 79.


LaTeX Warning: Command \textbackslash invalid in math mode on input line 79.


Overfull \hbox (0.11458pt too wide) in paragraph at lines 74--80
[]\T1/cmr/m/n/10.95 where  $[] \OT1/cmr/m/n/10.95 = []$\T1/cmr/m/n/10.95 , $[]$
, and
 []


Overfull \hbox (27.0497pt too wide) in paragraph at lines 74--80
\T1/cmr/m/n/10.95 where  $[] \OT1/cmr/m/n/10.95 = []$\T1/cmr/m/n/10.95 ,
 []

[1

{/usr/local/texlive/2019/texmf-var/fonts/map/pdftex/updmap/pdftex.map}]
Overfull \hbox (6.3196pt too wide) in paragraph at lines 88--96
[]$\OMS/cmsy/m/n/10.95 V[]$ \T1/cmr/m/n/10.95 = $[]$ 
 []

LaTeX Font Info:    Try loading font information for U+bbold on input line 108.

(/usr/local/texlive/2019/texmf-dist/tex/latex/bbold/Ubbold.fd)

Package amsmath Warning: Foreign command \over;
(amsmath)                \frac or \genfrac should be used instead
(amsmath)                 on input line 113.


Underfull \hbox (badness 10000) in paragraph at lines 125--126

 []


Overfull \hbox (23.71698pt too wide) in paragraph at lines 127--133
[]$\OML/cmm/m/it/10.95 rank\OT1/cmr/m/n/10.95 (\OML/cmm/m/it/10.95 x[]; :::; x[
]\OT1/cmr/m/n/10.95 )$ \T1/cmr/m/it/10.95 = $\OT1/cmr/m/n/10.95 (\OML/cmm/m/it/
10.95 r[]; :::; r[]\OT1/cmr/m/n/10.95 )\OML/cmm/m/it/10.95 ; []r[] \OT1/cmr/m/n
/10.95 = [] \OML/cmm/m/it/10.95 ^^N\OT1/cmr/m/n/10.95 (\OML/cmm/m/it/10.95 x[] 
\OMS/cmsy/m/n/10.95 ^^@ \OML/cmm/m/it/10.95 x[]\OT1/cmr/m/n/10.95 )$ \T1/cmr/m/
it/10.95 for $\OML/cmm/m/it/10.95 i \OT1/cmr/m/n/10.95 = 1\OML/cmm/m/it/10.95 ;
 :::; n$\T1/cmr/m/it/10.95 , where $\OML/cmm/m/it/10.95 ^^N\OT1/cmr/m/n/10.95 (
\OML/cmm/m/it/10.95 x\OT1/cmr/m/n/10.95 ) = []$\T1/cmr/m/it/10.95 . 
 []

[2]
Overfull \hbox (9.93625pt too wide) in paragraph at lines 153--169
[]$[] [] \OML/cmm/m/it/10.95 KL\OT1/cmr/m/n/10.95 (\OML/cmm/m/it/10.95 P\OT1/cm
r/m/n/10.95 (\OML/cmm/b/it/10.95 ^^Z\OMS/cmsy/m/n/10.95 j\OML/cmm/m/it/10.95 [
]; \OML/cmm/b/it/10.95 R[]\OML/cmm/m/it/10.95 ; :::; \OML/cmm/b/it/10.95 R[]\OT
1/cmr/m/n/10.95 )\OMS/cmsy/m/n/10.95 jj [] \OML/cmm/m/it/10.95 q\OT1/cmr/m/n/10
.95 ([]\OMS/cmsy/m/n/10.95 j\OML/cmm/m/it/10.95 []; \OML/cmm/b/it/10.95 R[]\OM
L/cmm/m/it/10.95 ; :::; \OML/cmm/b/it/10.95 R[]\OML/cmm/m/it/10.95 ; i[]; :::; 
i[]\OT1/cmr/m/n/10.95 )\OML/cmm/m/it/10.95 g\OT1/cmr/m/n/10.95 (\OML/cmm/m/it/1
0.95 i[]; :::; i[]\OMS/cmsy/m/n/10.95 j\OML/cmm/b/it/10.95 ^^Z[]\OT1/cmr/m/n/10
.95 )$ 
 []


Underfull \hbox (badness 10000) in paragraph at lines 180--182

 []

[3]
LaTeX Font Info:    Font shape `OMS/cmr/m/it' in size <10.95> not available
(Font)              Font shape `OMS/cmsy/m/n' tried instead on input line 186.
 [4]
Overfull \hbox (15.9212pt too wide) in paragraph at lines 221--222
[]\T1/cmr/m/n/10.95 opp_V: at each it-er-a-tion, we first sam-ple one V-ranking
 {$\OML/cmm/m/it/10.95 i[]; :::; i[]$\T1/cmr/m/n/10.95 } from $\OML/cmm/m/it/10
.95 g[]\OT1/cmr/m/n/10.95 (\OML/cmm/m/it/10.95 i[]; :::; i[]\OMS/cmsy/m/n/10.95
 jV[]\OT1/cmr/m/n/10.95 ))$\T1/cmr/m/n/10.95 ,
 []

<figures/theorem2_2/N500n10alpha1.pdf, id=37, 1228.59pt x 722.7pt>
File: figures/theorem2_2/N500n10alpha1.pdf Graphic file (type pdf)
<use figures/theorem2_2/N500n10alpha1.pdf>
Package pdftex.def Info: figures/theorem2_2/N500n10alpha1.pdf  used on input li
ne 236.
(pdftex.def)             Requested size: 98.89922pt x 58.17006pt.
<figures/theorem2_2/N500n20alpha3.pdf, id=38, 1228.59pt x 722.7pt>
File: figures/theorem2_2/N500n20alpha3.pdf Graphic file (type pdf)
<use figures/theorem2_2/N500n20alpha3.pdf>
Package pdftex.def Info: figures/theorem2_2/N500n20alpha3.pdf  used on input li
ne 242.
(pdftex.def)             Requested size: 98.89922pt x 58.17006pt.
<figures/theorem2_2/N500n30alpha7.pdf, id=39, 1228.59pt x 722.7pt>
File: figures/theorem2_2/N500n30alpha7.pdf Graphic file (type pdf)
<use figures/theorem2_2/N500n30alpha7.pdf>
Package pdftex.def Info: figures/theorem2_2/N500n30alpha7.pdf  used on input li
ne 247.
(pdftex.def)             Requested size: 98.89922pt x 58.17006pt.
<figures/theorem2_2/N500n50alpha15.pdf, id=40, 1228.59pt x 722.7pt>
File: figures/theorem2_2/N500n50alpha15.pdf Graphic file (type pdf)
<use figures/theorem2_2/N500n50alpha15.pdf>
Package pdftex.def Info: figures/theorem2_2/N500n50alpha15.pdf  used on input l
ine 253.
(pdftex.def)             Requested size: 98.89922pt x 58.17006pt.
<figures/theorem2_2/N1000n10alpha1.pdf, id=41, 1228.59pt x 722.7pt>
File: figures/theorem2_2/N1000n10alpha1.pdf Graphic file (type pdf)
<use figures/theorem2_2/N1000n10alpha1.pdf>
Package pdftex.def Info: figures/theorem2_2/N1000n10alpha1.pdf  used on input l
ine 260.
(pdftex.def)             Requested size: 98.89922pt x 58.17006pt.
<figures/theorem2_2/N1000n20alpha3.pdf, id=42, 1228.59pt x 722.7pt>
File: figures/theorem2_2/N1000n20alpha3.pdf Graphic file (type pdf)
<use figures/theorem2_2/N1000n20alpha3.pdf>
Package pdftex.def Info: figures/theorem2_2/N1000n20alpha3.pdf  used on input l
ine 266.
(pdftex.def)             Requested size: 98.89922pt x 58.17006pt.
<figures/theorem2_2/N1000n30alpha7.pdf, id=43, 1228.59pt x 722.7pt>
File: figures/theorem2_2/N1000n30alpha7.pdf Graphic file (type pdf)
<use figures/theorem2_2/N1000n30alpha7.pdf>
Package pdftex.def Info: figures/theorem2_2/N1000n30alpha7.pdf  used on input l
ine 271.
(pdftex.def)             Requested size: 98.89922pt x 58.17006pt.
<figures/theorem2_2/N1000n50alpha15.pdf, id=44, 1228.59pt x 722.7pt>
File: figures/theorem2_2/N1000n50alpha15.pdf Graphic file (type pdf)
<use figures/theorem2_2/N1000n50alpha15.pdf>
Package pdftex.def Info: figures/theorem2_2/N1000n50alpha15.pdf  used on input 
line 277.
(pdftex.def)             Requested size: 98.89922pt x 58.17006pt.
<figures/theorem2_2/N2000n10alpha1.pdf, id=45, 1228.59pt x 722.7pt>
File: figures/theorem2_2/N2000n10alpha1.pdf Graphic file (type pdf)
<use figures/theorem2_2/N2000n10alpha1.pdf>
Package pdftex.def Info: figures/theorem2_2/N2000n10alpha1.pdf  used on input l
ine 284.
(pdftex.def)             Requested size: 98.89922pt x 58.17006pt.
<figures/theorem2_2/N2000n20alpha3.pdf, id=46, 1228.59pt x 722.7pt>
File: figures/theorem2_2/N2000n20alpha3.pdf Graphic file (type pdf)
<use figures/theorem2_2/N2000n20alpha3.pdf>
Package pdftex.def Info: figures/theorem2_2/N2000n20alpha3.pdf  used on input l
ine 290.
(pdftex.def)             Requested size: 98.89922pt x 58.17006pt.
<figures/theorem2_2/N2000n30alpha7.pdf, id=47, 1228.59pt x 722.7pt>
File: figures/theorem2_2/N2000n30alpha7.pdf Graphic file (type pdf)
<use figures/theorem2_2/N2000n30alpha7.pdf>
Package pdftex.def Info: figures/theorem2_2/N2000n30alpha7.pdf  used on input l
ine 295.
(pdftex.def)             Requested size: 98.89922pt x 58.17006pt.
<figures/theorem2_2/N2000n50alpha15.pdf, id=48, 1228.59pt x 722.7pt>
File: figures/theorem2_2/N2000n50alpha15.pdf Graphic file (type pdf)
<use figures/theorem2_2/N2000n50alpha15.pdf>
Package pdftex.def Info: figures/theorem2_2/N2000n50alpha15.pdf  used on input 
line 301.
(pdftex.def)             Requested size: 98.89922pt x 58.17006pt.

LaTeX Warning: `!h' float specifier changed to `!ht'.

<figures/theorem2_2/heat_Mallows_N2000n10alpha1run1.pdf, id=49, 505.89pt x 505.
89pt>
File: figures/theorem2_2/heat_Mallows_N2000n10alpha1run1.pdf Graphic file (type
 pdf)
<use figures/theorem2_2/heat_Mallows_N2000n10alpha1run1.pdf>
Package pdftex.def Info: figures/theorem2_2/heat_Mallows_N2000n10alpha1run1.pdf
  used on input line 315.
(pdftex.def)             Requested size: 193.50076pt x 193.49843pt.
<figures/theorem2_2/heat_V_N2000n10alpha1run1.pdf, id=50, 505.89pt x 505.89pt>
File: figures/theorem2_2/heat_V_N2000n10alpha1run1.pdf Graphic file (type pdf)
<use figures/theorem2_2/heat_V_N2000n10alpha1run1.pdf>
Package pdftex.def Info: figures/theorem2_2/heat_V_N2000n10alpha1run1.pdf  used
 on input line 321.
(pdftex.def)             Requested size: 193.50076pt x 193.49843pt.
<figures/theorem2_2/heat_low_std_swap_N2000n10alpha1run1.pdf, id=51, 505.89pt x
 505.89pt>
File: figures/theorem2_2/heat_low_std_swap_N2000n10alpha1run1.pdf Graphic file 
(type pdf)
<use figures/theorem2_2/heat_low_std_swap_N2000n10alpha1run1.pdf>
Package pdftex.def Info: figures/theorem2_2/heat_low_std_swap_N2000n10alpha1run
1.pdf  used on input line 327.
(pdftex.def)             Requested size: 193.50076pt x 193.49843pt.
<figures/theorem2_2/heat_uniform_N2000n10alpha1run1.pdf, id=52, 505.89pt x 505.
89pt>
File: figures/theorem2_2/heat_uniform_N2000n10alpha1run1.pdf Graphic file (type
 pdf)
<use figures/theorem2_2/heat_uniform_N2000n10alpha1run1.pdf>
Package pdftex.def Info: figures/theorem2_2/heat_uniform_N2000n10alpha1run1.pdf
  used on input line 333.
(pdftex.def)             Requested size: 193.50076pt x 193.49843pt.

LaTeX Warning: `!h' float specifier changed to `!ht'.

[5]
<figures/Mallows_alpha1N100n10run1.pdf, id=56, 505.89pt x 505.89pt>
File: figures/Mallows_alpha1N100n10run1.pdf Graphic file (type pdf)
<use figures/Mallows_alpha1N100n10run1.pdf>
Package pdftex.def Info: figures/Mallows_alpha1N100n10run1.pdf  used on input l
ine 367.
(pdftex.def)             Requested size: 129.00269pt x 129.00409pt.
<figures/Pseudo_alpha1N100n100run1sd0.pdf, id=57, 505.89pt x 505.89pt>
File: figures/Pseudo_alpha1N100n100run1sd0.pdf Graphic file (type pdf)
<use figures/Pseudo_alpha1N100n100run1sd0.pdf>
Package pdftex.def Info: figures/Pseudo_alpha1N100n100run1sd0.pdf  used on inpu
t line 367.
(pdftex.def)             Requested size: 129.00269pt x 129.00409pt.
<figures/Pseudo_alpha1N100n100run1sd2dot25.pdf, id=58, 505.89pt x 505.89pt>
File: figures/Pseudo_alpha1N100n100run1sd2dot25.pdf Graphic file (type pdf)
<use figures/Pseudo_alpha1N100n100run1sd2dot25.pdf>
Package pdftex.def Info: figures/Pseudo_alpha1N100n100run1sd2dot25.pdf  used on
 input line 367.
(pdftex.def)             Requested size: 129.00269pt x 129.00409pt.
<figures/Mallows_alpha1dot5N100n10run1.pdf, id=59, 505.89pt x 505.89pt>
File: figures/Mallows_alpha1dot5N100n10run1.pdf Graphic file (type pdf)
<use figures/Mallows_alpha1dot5N100n10run1.pdf>
Package pdftex.def Info: figures/Mallows_alpha1dot5N100n10run1.pdf  used on inp
ut line 389.
(pdftex.def)             Requested size: 129.00269pt x 129.00409pt.
<figures/Pseudo_alpha1dot5N100n100run1sd0.pdf, id=60, 505.89pt x 505.89pt>
File: figures/Pseudo_alpha1dot5N100n100run1sd0.pdf Graphic file (type pdf)
<use figures/Pseudo_alpha1dot5N100n100run1sd0.pdf>
Package pdftex.def Info: figures/Pseudo_alpha1dot5N100n100run1sd0.pdf  used on 
input line 389.
(pdftex.def)             Requested size: 129.00269pt x 129.00409pt.
<figures/Pseudo_alpha1dot5N100n100run1sd1dot65.pdf, id=61, 505.89pt x 505.89pt>

File: figures/Pseudo_alpha1dot5N100n100run1sd1dot65.pdf Graphic file (type pdf)

<use figures/Pseudo_alpha1dot5N100n100run1sd1dot65.pdf>
Package pdftex.def Info: figures/Pseudo_alpha1dot5N100n100run1sd1dot65.pdf  use
d on input line 389.
(pdftex.def)             Requested size: 129.00269pt x 129.00409pt.
<figures/Mallows_alpha2N100n10run1.pdf, id=62, 505.89pt x 505.89pt>
File: figures/Mallows_alpha2N100n10run1.pdf Graphic file (type pdf)
<use figures/Mallows_alpha2N100n10run1.pdf>
Package pdftex.def Info: figures/Mallows_alpha2N100n10run1.pdf  used on input l
ine 410.
(pdftex.def)             Requested size: 129.00269pt x 129.00409pt.
<figures/Pseudo_alpha2N100n100run1sd0.pdf, id=63, 505.89pt x 505.89pt>
File: figures/Pseudo_alpha2N100n100run1sd0.pdf Graphic file (type pdf)
<use figures/Pseudo_alpha2N100n100run1sd0.pdf>
Package pdftex.def Info: figures/Pseudo_alpha2N100n100run1sd0.pdf  used on inpu
t line 410.
(pdftex.def)             Requested size: 129.00269pt x 129.00409pt.
<figures/Pseudo_alpha2N100n100run1sd0dot75.pdf, id=64, 505.89pt x 505.89pt>
File: figures/Pseudo_alpha2N100n100run1sd0dot75.pdf Graphic file (type pdf)
<use figures/Pseudo_alpha2N100n100run1sd0dot75.pdf>
Package pdftex.def Info: figures/Pseudo_alpha2N100n100run1sd0dot75.pdf  used on
 input line 410.
(pdftex.def)             Requested size: 129.00269pt x 129.00409pt.


LaTeX Warning: `!h' float specifier changed to `!ht'.

<figures/diff_N_users.pdf, id=65, 1084.05pt x 361.35pt>
File: figures/diff_N_users.pdf Graphic file (type pdf)
<use figures/diff_N_users.pdf>
Package pdftex.def Info: figures/diff_N_users.pdf  used on input line 422.
(pdftex.def)             Requested size: 430.00462pt x 143.33543pt.
<figures/diff_n.pdf, id=66, 1084.05pt x 361.35pt>
File: figures/diff_n.pdf Graphic file (type pdf)
<use figures/diff_n.pdf>
Package pdftex.def Info: figures/diff_n.pdf  used on input line 424.
(pdftex.def)             Requested size: 430.00462pt x 143.33543pt.
<figures/diff_alpha.pdf, id=67, 1084.05pt x 361.35pt>
File: figures/diff_alpha.pdf Graphic file (type pdf)
<use figures/diff_alpha.pdf>
Package pdftex.def Info: figures/diff_alpha.pdf  used on input line 426.
(pdftex.def)             Requested size: 430.00462pt x 143.33543pt.

Overfull \hbox (3.63054pt too wide) in paragraph at lines 422--427
[][]
 []


Overfull \hbox (3.63054pt too wide) in paragraph at lines 422--427
[]
 []


Overfull \hbox (3.63054pt too wide) in paragraph at lines 422--427
[] 
 []

[6 <./figures/theorem2_2/N500n10alpha1.pdf> <./figures/theorem2_2/N500n20alpha3
.pdf

pdfTeX warning: /Library/TeX/texbin/pdflatex (file ./figures/theorem2_2/N500n20
alpha3.pdf): PDF inclusion: multiple pdfs with page group included in a single 
page
> <./figures/theorem2_2/N500n30alpha7.pdf

pdfTeX warning: /Library/TeX/texbin/pdflatex (file ./figures/theorem2_2/N500n30
alpha7.pdf): PDF inclusion: multiple pdfs with page group included in a single 
page
> <./figures/theorem2_2/N500n50alpha15.pdf

pdfTeX warning: /Library/TeX/texbin/pdflatex (file ./figures/theorem2_2/N500n50
alpha15.pdf): PDF inclusion: multiple pdfs with page group included in a single
 page
> <./figures/theorem2_2/N1000n10alpha1.pdf

pdfTeX warning: /Library/TeX/texbin/pdflatex (file ./figures/theorem2_2/N1000n1
0alpha1.pdf): PDF inclusion: multiple pdfs with page group included in a single
 page
> <./figures/theorem2_2/N1000n20alpha3.pdf

pdfTeX warning: /Library/TeX/texbin/pdflatex (file ./figures/theorem2_2/N1000n2
0alpha3.pdf): PDF inclusion: multiple pdfs with page group included in a single
 page
> <./figures/theorem2_2/N1000n30alpha7.pdf

pdfTeX warning: /Library/TeX/texbin/pdflatex (file ./figures/theorem2_2/N1000n3
0alpha7.pdf): PDF inclusion: multiple pdfs with page group included in a single
 page
> <./figures/theorem2_2/N1000n50alpha15.pdf

pdfTeX warning: /Library/TeX/texbin/pdflatex (file ./figures/theorem2_2/N1000n5
0alpha15.pdf): PDF inclusion: multiple pdfs with page group included in a singl
e page
> <./figures/theorem2_2/N2000n10alpha1.pdf

pdfTeX warning: /Library/TeX/texbin/pdflatex (file ./figures/theorem2_2/N2000n1
0alpha1.pdf): PDF inclusion: multiple pdfs with page group included in a single
 page
> <./figures/theorem2_2/N2000n20alpha3.pdf

pdfTeX warning: /Library/TeX/texbin/pdflatex (file ./figures/theorem2_2/N2000n2
0alpha3.pdf): PDF inclusion: multiple pdfs with page group included in a single
 page
> <./figures/theorem2_2/N2000n30alpha7.pdf

pdfTeX warning: /Library/TeX/texbin/pdflatex (file ./figures/theorem2_2/N2000n3
0alpha7.pdf): PDF inclusion: multiple pdfs with page group included in a single
 page
> <./figures/theorem2_2/N2000n50alpha15.pdf

pdfTeX warning: /Library/TeX/texbin/pdflatex (file ./figures/theorem2_2/N2000n5
0alpha15.pdf): PDF inclusion: multiple pdfs with page group included in a singl
e page
>]

LaTeX Warning: `!h' float specifier changed to `!ht'.

<figures/2_4_sameN200diffn.pdf, id=536, 1084.05pt x 361.35pt>
File: figures/2_4_sameN200diffn.pdf Graphic file (type pdf)
<use figures/2_4_sameN200diffn.pdf>
Package pdftex.def Info: figures/2_4_sameN200diffn.pdf  used on input line 434.

(pdftex.def)             Requested size: 430.00462pt x 143.33543pt.
<figures/2_4_samen10diffN.pdf, id=537, 1084.05pt x 361.35pt>
File: figures/2_4_samen10diffN.pdf Graphic file (type pdf)
<use figures/2_4_samen10diffN.pdf>
Package pdftex.def Info: figures/2_4_samen10diffN.pdf  used on input line 436.
(pdftex.def)             Requested size: 430.00462pt x 143.33543pt.

Overfull \hbox (3.63054pt too wide) in paragraph at lines 434--437
[][]
 []


Overfull \hbox (3.63054pt too wide) in paragraph at lines 434--437
[] 
 []


LaTeX Warning: `!h' float specifier changed to `!ht'.

[7 <./figures/theorem2_2/heat_Mallows_N2000n10alpha1run1.pdf> <./figures/theore
m2_2/heat_V_N2000n10alpha1run1.pdf> <./figures/theorem2_2/heat_low_std_swap_N20
00n10alpha1run1.pdf> <./figures/theorem2_2/heat_uniform_N2000n10alpha1run1.pdf>
]
Overfull \vbox (14.22487pt too high) has occurred while \output is active []


[8 <./figures/Mallows_alpha1N100n10run1.pdf> <./figures/Pseudo_alpha1N100n100ru
n1sd0.pdf> <./figures/Pseudo_alpha1N100n100run1sd2dot25.pdf> <./figures/Mallows
_alpha1dot5N100n10run1.pdf> <./figures/Pseudo_alpha1dot5N100n100run1sd0.pdf> <.
/figures/Pseudo_alpha1dot5N100n100run1sd1dot65.pdf> <./figures/Mallows_alpha2N1
00n10run1.pdf> <./figures/Pseudo_alpha2N100n100run1sd0.pdf> <./figures/Pseudo_a
lpha2N100n100run1sd0dot75.pdf>]
<figures/2_4_sd_data_sameN200diffn.pdf, id=625, 1084.05pt x 361.35pt>
File: figures/2_4_sd_data_sameN200diffn.pdf Graphic file (type pdf)
<use figures/2_4_sd_data_sameN200diffn.pdf>
Package pdftex.def Info: figures/2_4_sd_data_sameN200diffn.pdf  used on input l
ine 446.
(pdftex.def)             Requested size: 430.00462pt x 143.33543pt.
<figures/2_4_sd_data_samen10diffN.pdf, id=626, 1084.05pt x 361.35pt>
File: figures/2_4_sd_data_samen10diffN.pdf Graphic file (type pdf)
<use figures/2_4_sd_data_samen10diffN.pdf>
Package pdftex.def Info: figures/2_4_sd_data_samen10diffN.pdf  used on input li
ne 448.
(pdftex.def)             Requested size: 430.00462pt x 143.33543pt.

Overfull \hbox (3.63054pt too wide) in paragraph at lines 446--449
[][]
 []


Overfull \hbox (3.63054pt too wide) in paragraph at lines 446--449
[] 
 []


LaTeX Warning: `!h' float specifier changed to `!ht'.

[9 <./figures/diff_N_users.pdf> <./figures/diff_n.pdf

pdfTeX warning: /Library/TeX/texbin/pdflatex (file ./figures/diff_n.pdf): PDF i
nclusion: multiple pdfs with page group included in a single page
> <./figures/diff_alpha.pdf

pdfTeX warning: /Library/TeX/texbin/pdflatex (file ./figures/diff_alpha.pdf): P
DF inclusion: multiple pdfs with page group included in a single page
>] [10 <./figures/2_4_sameN200diffn.pdf> <./figures/2_4_samen10diffN.pdf

pdfTeX warning: /Library/TeX/texbin/pdflatex (file ./figures/2_4_samen10diffN.p
df): PDF inclusion: multiple pdfs with page group included in a single page
>] [11 <./figures/2_4_sd_data_sameN200diffn.pdf> <./figures/2_4_sd_data_samen10
diffN.pdf

pdfTeX warning: /Library/TeX/texbin/pdflatex (file ./figures/2_4_sd_data_samen1
0diffN.pdf): PDF inclusion: multiple pdfs with page group included in a single 
page
>] (./theorem.aux) ) 
Here is how much of TeX's memory you used:
 4916 strings out of 492616
 69167 string characters out of 6129481
 157048 words of memory out of 5000000
 8679 multiletter control sequences out of 15000+600000
 23839 words of font info for 66 fonts, out of 8000000 for 9000
 1141 hyphenation exceptions out of 8191
 37i,15n,35p,885b,316s stack positions out of 5000i,500n,10000p,200000b,80000s
{/usr/local/texlive/2019/texmf-dist/fonts/enc/dvips/cm-supe
r/cm-super-t1.enc}</usr/local/texlive/2019/texmf-dist/fonts/type1/public/bbold-
type1/bbold10.pfb></usr/local/texlive/2019/texmf-dist/fonts/type1/public/amsfon
ts/cm/cmbx8.pfb></usr/local/texlive/2019/texmf-dist/fonts/type1/public/amsfonts
/cm/cmex10.pfb></usr/local/texlive/2019/texmf-dist/fonts/type1/public/amsfonts/
cmextra/cmex8.pfb></usr/local/texlive/2019/texmf-dist/fonts/type1/public/amsfon
ts/cm/cmmi10.pfb></usr/local/texlive/2019/texmf-dist/fonts/type1/public/amsfont
s/cm/cmmi6.pfb></usr/local/texlive/2019/texmf-dist/fonts/type1/public/amsfonts/
cm/cmmi8.pfb></usr/local/texlive/2019/texmf-dist/fonts/type1/public/amsfonts/cm
/cmmib10.pfb></usr/local/texlive/2019/texmf-dist/fonts/type1/public/amsfonts/cm
extra/cmmib6.pfb></usr/local/texlive/2019/texmf-dist/fonts/type1/public/amsfont
s/cmextra/cmmib8.pfb></usr/local/texlive/2019/texmf-dist/fonts/type1/public/ams
fonts/cm/cmr10.pfb></usr/local/texlive/2019/texmf-dist/fonts/type1/public/amsfo
nts/cm/cmr6.pfb></usr/local/texlive/2019/texmf-dist/fonts/type1/public/amsfonts
/cm/cmr8.pfb></usr/local/texlive/2019/texmf-dist/fonts/type1/public/amsfonts/cm
/cmsy10.pfb></usr/local/texlive/2019/texmf-dist/fonts/type1/public/amsfonts/cm/
cmsy6.pfb></usr/local/texlive/2019/texmf-dist/fonts/type1/public/amsfonts/cm/cm
sy8.pfb></usr/local/texlive/2019/texmf-dist/fonts/type1/public/cm-super/sfbx109
5.pfb></usr/local/texlive/2019/texmf-dist/fonts/type1/public/cm-super/sfbx1200.
pfb></usr/local/texlive/2019/texmf-dist/fonts/type1/public/cm-super/sfbx1440.pf
b></usr/local/texlive/2019/texmf-dist/fonts/type1/public/cm-super/sfrm0800.pfb>
</usr/local/texlive/2019/texmf-dist/fonts/type1/public/cm-super/sfrm0900.pfb></
usr/local/texlive/2019/texmf-dist/fonts/type1/public/cm-super/sfrm1095.pfb></us
r/local/texlive/2019/texmf-dist/fonts/type1/public/cm-super/sfti1095.pfb>
Output written on theorem.pdf (11 pages, 587315 bytes).
PDF statistics:
 948 PDF objects out of 1000 (max. 8388607)
 288 compressed objects within 3 object streams
 0 named destinations out of 1000 (max. 500000)
 161 words of extra memory for PDF output out of 10000 (max. 10000000)

